<?xml version="1.0" encoding="UTF-8"?>
<!-- Generated by org.testng.reporters.JUnitXMLReporter -->
<testsuite hostname="DESKTOP-UEKV3TE" ignored="0" name="Test" tests="8" failures="0" timestamp="2020-03-17T20:36:16 IST" time="66.086" errors="0">
  <testcase name="positiveLoginTest" time="2.662" classname="Acti.Testcases.TC_Login"/>
  <testcase name="negativeLoginTest1" time="0.952" classname="Acti.Testcases.TC_Login"/>
  <testcase name="negativeLoginTest2" time="1.212" classname="Acti.Testcases.TC_Login"/>
  <testcase name="CreateCutomer1" time="2.927" classname="Acti.Testcases.TC2_CreateCustomer"/>
  <testcase name="deleteCustomer" time="3.179" classname="Acti.Testcases.TC3_DeleteCustomer"/>
  <testcase name="CreateProject" time="4.843" classname="Acti.Testcases.TC4_CreateProject"/>
  <testcase name="DeleteProject" time="3.064" classname="Acti.Testcases.TC5_DeleteProject"/>
  <testcase name="CreateCutomer1" time="18.965" classname="Acti.Testcases.TC6_CreateNewTask"/>
</testsuite> <!-- Test -->
