<?xml version="1.0" encoding="UTF-8"?>
<!-- Generated by org.testng.reporters.JUnitXMLReporter -->
<testsuite hostname="DESKTOP-UEKV3TE" ignored="0" name="Test" tests="12" failures="0" timestamp="2020-03-18T02:02:56 IST" time="86.484" errors="0">
  <testcase name="positiveLoginTest" time="2.875" classname="Acti.Testcases.TC_Login"/>
  <testcase name="negativeLoginTest1" time="0.959" classname="Acti.Testcases.TC_Login"/>
  <testcase name="negativeLoginTest2" time="0.704" classname="Acti.Testcases.TC_Login"/>
  <testcase name="CreateCutomer1" time="3.925" classname="Acti.Testcases.TC2_CreateCustomer"/>
  <testcase name="deleteCustomer" time="3.736" classname="Acti.Testcases.TC3_DeleteCustomer"/>
  <testcase name="CreateProject" time="3.503" classname="Acti.Testcases.TC4_CreateProject"/>
  <testcase name="DeleteProject" time="3.231" classname="Acti.Testcases.TC5_DeleteProject"/>
  <testcase name="CreateNewTask" time="7.09" classname="Acti.Testcases.TC6_CreateNewTask"/>
  <testcase name="DeleteTask" time="4.591" classname="Acti.Testcases.TC7_DeleteTask"/>
  <testcase name="CreateNewUser" time="4.518" classname="Acti.Testcases.TC8_CreateNewUser"/>
  <testcase name="LoginNewUser" time="2.637" classname="Acti.Testcases.TC9_LoginNewUser"/>
  <testcase name="DeleteUser" time="3.032" classname="Acti.Testcases.TC10_DeleteUser"/>
</testsuite> <!-- Test -->
